<?xml version="1.0" encoding="UTF-8"?>
<testsuite xmlns:xsi="http://www.w3.org/2001/XMLSchema-instance" xsi:noNamespaceSchemaLocation="https://maven.apache.org/surefire/maven-surefire-plugin/xsd/surefire-test-report.xsd" version="3.0.2" name="com.gt.bff.controller.GtBffControllerTest" time="0.993" tests="6" errors="0" skipped="0" failures="0">
  <properties>
    <property name="java.specification.version" value="23"/>
    <property name="sun.jnu.encoding" value="UTF-8"/>
    <property name="java.class.path" value="/Users/sreenathgurujala/git/gt-bff/target/test-classes:/Users/sreenathgurujala/git/gt-bff/target/classes:/Users/sreenathgurujala/.m2/repository/org/springframework/boot/spring-boot-starter-web/3.5.3/spring-boot-starter-web-3.5.3.jar:/Users/sreenathgurujala/.m2/repository/org/springframework/boot/spring-boot-starter/3.5.3/spring-boot-starter-3.5.3.jar:/Users/sreenathgurujala/.m2/repository/org/springframework/boot/spring-boot/3.5.3/spring-boot-3.5.3.jar:/Users/sreenathgurujala/.m2/repository/org/springframework/boot/spring-boot-autoconfigure/3.5.3/spring-boot-autoconfigure-3.5.3.jar:/Users/sreenathgurujala/.m2/repository/org/springframework/boot/spring-boot-starter-logging/3.5.3/spring-boot-starter-logging-3.5.3.jar:/Users/sreenathgurujala/.m2/repository/ch/qos/logback/logback-classic/1.5.18/logback-classic-1.5.18.jar:/Users/sreenathgurujala/.m2/repository/ch/qos/logback/logback-core/1.5.18/logback-core-1.5.18.jar:/Users/sreenathgurujala/.m2/repository/org/apache/logging/log4j/log4j-to-slf4j/2.24.3/log4j-to-slf4j-2.24.3.jar:/Users/sreenathgurujala/.m2/repository/org/apache/logging/log4j/log4j-api/2.24.3/log4j-api-2.24.3.jar:/Users/sreenathgurujala/.m2/repository/org/slf4j/jul-to-slf4j/2.0.17/jul-to-slf4j-2.0.17.jar:/Users/sreenathgurujala/.m2/repository/jakarta/annotation/jakarta.annotation-api/2.1.1/jakarta.annotation-api-2.1.1.jar:/Users/sreenathgurujala/.m2/repository/org/yaml/snakeyaml/2.4/snakeyaml-2.4.jar:/Users/sreenathgurujala/.m2/repository/org/springframework/boot/spring-boot-starter-json/3.5.3/spring-boot-starter-json-3.5.3.jar:/Users/sreenathgurujala/.m2/repository/com/fasterxml/jackson/module/jackson-module-parameter-names/2.19.1/jackson-module-parameter-names-2.19.1.jar:/Users/sreenathgurujala/.m2/repository/org/springframework/boot/spring-boot-starter-tomcat/3.5.3/spring-boot-starter-tomcat-3.5.3.jar:/Users/sreenathgurujala/.m2/repository/org/apache/tomcat/embed/tomcat-embed-core/10.1.42/tomcat-embed-core-10.1.42.jar:/Users/sreenathgurujala/.m2/repository/org/apache/tomcat/embed/tomcat-embed-websocket/10.1.42/tomcat-embed-websocket-10.1.42.jar:/Users/sreenathgurujala/.m2/repository/org/springframework/spring-web/6.2.8/spring-web-6.2.8.jar:/Users/sreenathgurujala/.m2/repository/org/springframework/spring-beans/6.2.8/spring-beans-6.2.8.jar:/Users/sreenathgurujala/.m2/repository/org/springframework/spring-webmvc/6.2.8/spring-webmvc-6.2.8.jar:/Users/sreenathgurujala/.m2/repository/org/springframework/spring-aop/6.2.8/spring-aop-6.2.8.jar:/Users/sreenathgurujala/.m2/repository/org/springframework/spring-context/6.2.8/spring-context-6.2.8.jar:/Users/sreenathgurujala/.m2/repository/org/springframework/spring-expression/6.2.8/spring-expression-6.2.8.jar:/Users/sreenathgurujala/.m2/repository/org/springframework/boot/spring-boot-starter-validation/3.5.3/spring-boot-starter-validation-3.5.3.jar:/Users/sreenathgurujala/.m2/repository/org/apache/tomcat/embed/tomcat-embed-el/10.1.42/tomcat-embed-el-10.1.42.jar:/Users/sreenathgurujala/.m2/repository/org/hibernate/validator/hibernate-validator/8.0.2.Final/hibernate-validator-8.0.2.Final.jar:/Users/sreenathgurujala/.m2/repository/jakarta/validation/jakarta.validation-api/3.0.2/jakarta.validation-api-3.0.2.jar:/Users/sreenathgurujala/.m2/repository/org/jboss/logging/jboss-logging/3.6.1.Final/jboss-logging-3.6.1.Final.jar:/Users/sreenathgurujala/.m2/repository/com/fasterxml/classmate/1.7.0/classmate-1.7.0.jar:/Users/sreenathgurujala/.m2/repository/org/springframework/boot/spring-boot-starter-actuator/3.5.3/spring-boot-starter-actuator-3.5.3.jar:/Users/sreenathgurujala/.m2/repository/org/springframework/boot/spring-boot-actuator-autoconfigure/3.5.3/spring-boot-actuator-autoconfigure-3.5.3.jar:/Users/sreenathgurujala/.m2/repository/org/springframework/boot/spring-boot-actuator/3.5.3/spring-boot-actuator-3.5.3.jar:/Users/sreenathgurujala/.m2/repository/io/micrometer/micrometer-observation/1.15.1/micrometer-observation-1.15.1.jar:/Users/sreenathgurujala/.m2/repository/io/micrometer/micrometer-commons/1.15.1/micrometer-commons-1.15.1.jar:/Users/sreenathgurujala/.m2/repository/io/micrometer/micrometer-jakarta9/1.15.1/micrometer-jakarta9-1.15.1.jar:/Users/sreenathgurujala/.m2/repository/io/micrometer/micrometer-core/1.15.1/micrometer-core-1.15.1.jar:/Users/sreenathgurujala/.m2/repository/org/hdrhistogram/HdrHistogram/2.2.2/HdrHistogram-2.2.2.jar:/Users/sreenathgurujala/.m2/repository/org/latencyutils/LatencyUtils/2.0.3/LatencyUtils-2.0.3.jar:/Users/sreenathgurujala/.m2/repository/org/projectlombok/lombok/1.18.30/lombok-1.18.30.jar:/Users/sreenathgurujala/.m2/repository/org/springdoc/springdoc-openapi-starter-webmvc-ui/2.3.0/springdoc-openapi-starter-webmvc-ui-2.3.0.jar:/Users/sreenathgurujala/.m2/repository/org/springdoc/springdoc-openapi-starter-webmvc-api/2.3.0/springdoc-openapi-starter-webmvc-api-2.3.0.jar:/Users/sreenathgurujala/.m2/repository/org/springdoc/springdoc-openapi-starter-common/2.3.0/springdoc-openapi-starter-common-2.3.0.jar:/Users/sreenathgurujala/.m2/repository/io/swagger/core/v3/swagger-core-jakarta/2.2.19/swagger-core-jakarta-2.2.19.jar:/Users/sreenathgurujala/.m2/repository/org/apache/commons/commons-lang3/3.17.0/commons-lang3-3.17.0.jar:/Users/sreenathgurujala/.m2/repository/io/swagger/core/v3/swagger-annotations-jakarta/2.2.19/swagger-annotations-jakarta-2.2.19.jar:/Users/sreenathgurujala/.m2/repository/io/swagger/core/v3/swagger-models-jakarta/2.2.19/swagger-models-jakarta-2.2.19.jar:/Users/sreenathgurujala/.m2/repository/com/fasterxml/jackson/dataformat/jackson-dataformat-yaml/2.19.1/jackson-dataformat-yaml-2.19.1.jar:/Users/sreenathgurujala/.m2/repository/org/webjars/swagger-ui/5.10.3/swagger-ui-5.10.3.jar:/Users/sreenathgurujala/.m2/repository/org/mapstruct/mapstruct/1.5.5.Final/mapstruct-1.5.5.Final.jar:/Users/sreenathgurujala/.m2/repository/org/mapstruct/mapstruct-processor/1.5.5.Final/mapstruct-processor-1.5.5.Final.jar:/Users/sreenathgurujala/.m2/repository/org/json/json/20240303/json-20240303.jar:/Users/sreenathgurujala/.m2/repository/com/google/genai/google-genai/1.0.0/google-genai-1.0.0.jar:/Users/sreenathgurujala/.m2/repository/com/google/auth/google-auth-library-oauth2-http/1.30.1/google-auth-library-oauth2-http-1.30.1.jar:/Users/sreenathgurujala/.m2/repository/com/google/auto/value/auto-value-annotations/1.11.0/auto-value-annotations-1.11.0.jar:/Users/sreenathgurujala/.m2/repository/com/google/code/findbugs/jsr305/3.0.2/jsr305-3.0.2.jar:/Users/sreenathgurujala/.m2/repository/com/google/auth/google-auth-library-credentials/1.30.1/google-auth-library-credentials-1.30.1.jar:/Users/sreenathgurujala/.m2/repository/com/google/http-client/google-http-client/1.45.2/google-http-client-1.45.2.jar:/Users/sreenathgurujala/.m2/repository/io/grpc/grpc-context/1.68.2/grpc-context-1.68.2.jar:/Users/sreenathgurujala/.m2/repository/io/grpc/grpc-api/1.68.2/grpc-api-1.68.2.jar:/Users/sreenathgurujala/.m2/repository/io/opencensus/opencensus-api/0.31.1/opencensus-api-0.31.1.jar:/Users/sreenathgurujala/.m2/repository/io/opencensus/opencensus-contrib-http-util/0.31.1/opencensus-contrib-http-util-0.31.1.jar:/Users/sreenathgurujala/.m2/repository/com/google/http-client/google-http-client-gson/1.45.2/google-http-client-gson-1.45.2.jar:/Users/sreenathgurujala/.m2/repository/com/google/code/gson/gson/2.13.1/gson-2.13.1.jar:/Users/sreenathgurujala/.m2/repository/com/google/guava/guava/33.3.1-android/guava-33.3.1-android.jar:/Users/sreenathgurujala/.m2/repository/com/google/guava/failureaccess/1.0.2/failureaccess-1.0.2.jar:/Users/sreenathgurujala/.m2/repository/com/google/guava/listenablefuture/9999.0-empty-to-avoid-conflict-with-guava/listenablefuture-9999.0-empty-to-avoid-conflict-with-guava.jar:/Users/sreenathgurujala/.m2/repository/org/checkerframework/checker-qual/3.43.0/checker-qual-3.43.0.jar:/Users/sreenathgurujala/.m2/repository/com/google/errorprone/error_prone_annotations/2.36.0/error_prone_annotations-2.36.0.jar:/Users/sreenathgurujala/.m2/repository/org/apache/httpcomponents/httpclient/4.5.14/httpclient-4.5.14.jar:/Users/sreenathgurujala/.m2/repository/commons-logging/commons-logging/1.2/commons-logging-1.2.jar:/Users/sreenathgurujala/.m2/repository/commons-codec/commons-codec/1.18.0/commons-codec-1.18.0.jar:/Users/sreenathgurujala/.m2/repository/org/apache/httpcomponents/httpcore/4.4.16/httpcore-4.4.16.jar:/Users/sreenathgurujala/.m2/repository/com/google/auto/value/auto-value/1.11.0/auto-value-1.11.0.jar:/Users/sreenathgurujala/.m2/repository/com/google/api/api-common/2.42.1/api-common-2.42.1.jar:/Users/sreenathgurujala/.m2/repository/javax/annotation/javax.annotation-api/1.3.2/javax.annotation-api-1.3.2.jar:/Users/sreenathgurujala/.m2/repository/com/google/j2objc/j2objc-annotations/3.0.0/j2objc-annotations-3.0.0.jar:/Users/sreenathgurujala/.m2/repository/com/fasterxml/jackson/core/jackson-databind/2.19.1/jackson-databind-2.19.1.jar:/Users/sreenathgurujala/.m2/repository/com/fasterxml/jackson/core/jackson-annotations/2.19.1/jackson-annotations-2.19.1.jar:/Users/sreenathgurujala/.m2/repository/com/fasterxml/jackson/core/jackson-core/2.19.1/jackson-core-2.19.1.jar:/Users/sreenathgurujala/.m2/repository/com/fasterxml/jackson/datatype/jackson-datatype-jdk8/2.19.1/jackson-datatype-jdk8-2.19.1.jar:/Users/sreenathgurujala/.m2/repository/com/fasterxml/jackson/datatype/jackson-datatype-jsr310/2.19.1/jackson-datatype-jsr310-2.19.1.jar:/Users/sreenathgurujala/.m2/repository/org/java-websocket/Java-WebSocket/1.6.0/Java-WebSocket-1.6.0.jar:/Users/sreenathgurujala/.m2/repository/org/slf4j/slf4j-api/2.0.17/slf4j-api-2.0.17.jar:/Users/sreenathgurujala/.m2/repository/org/jspecify/jspecify/1.0.0/jspecify-1.0.0.jar:/Users/sreenathgurujala/.m2/repository/org/springframework/boot/spring-boot-starter-test/3.5.3/spring-boot-starter-test-3.5.3.jar:/Users/sreenathgurujala/.m2/repository/org/springframework/boot/spring-boot-test/3.5.3/spring-boot-test-3.5.3.jar:/Users/sreenathgurujala/.m2/repository/org/springframework/boot/spring-boot-test-autoconfigure/3.5.3/spring-boot-test-autoconfigure-3.5.3.jar:/Users/sreenathgurujala/.m2/repository/com/jayway/jsonpath/json-path/2.9.0/json-path-2.9.0.jar:/Users/sreenathgurujala/.m2/repository/jakarta/xml/bind/jakarta.xml.bind-api/4.0.2/jakarta.xml.bind-api-4.0.2.jar:/Users/sreenathgurujala/.m2/repository/jakarta/activation/jakarta.activation-api/2.1.3/jakarta.activation-api-2.1.3.jar:/Users/sreenathgurujala/.m2/repository/net/minidev/json-smart/2.5.2/json-smart-2.5.2.jar:/Users/sreenathgurujala/.m2/repository/net/minidev/accessors-smart/2.5.2/accessors-smart-2.5.2.jar:/Users/sreenathgurujala/.m2/repository/org/ow2/asm/asm/9.7.1/asm-9.7.1.jar:/Users/sreenathgurujala/.m2/repository/org/assertj/assertj-core/3.27.3/assertj-core-3.27.3.jar:/Users/sreenathgurujala/.m2/repository/net/bytebuddy/byte-buddy/1.17.6/byte-buddy-1.17.6.jar:/Users/sreenathgurujala/.m2/repository/org/awaitility/awaitility/4.2.2/awaitility-4.2.2.jar:/Users/sreenathgurujala/.m2/repository/org/hamcrest/hamcrest/3.0/hamcrest-3.0.jar:/Users/sreenathgurujala/.m2/repository/org/junit/jupiter/junit-jupiter/5.12.2/junit-jupiter-5.12.2.jar:/Users/sreenathgurujala/.m2/repository/org/junit/jupiter/junit-jupiter-api/5.12.2/junit-jupiter-api-5.12.2.jar:/Users/sreenathgurujala/.m2/repository/org/opentest4j/opentest4j/1.3.0/opentest4j-1.3.0.jar:/Users/sreenathgurujala/.m2/repository/org/junit/platform/junit-platform-commons/1.12.2/junit-platform-commons-1.12.2.jar:/Users/sreenathgurujala/.m2/repository/org/apiguardian/apiguardian-api/1.1.2/apiguardian-api-1.1.2.jar:/Users/sreenathgurujala/.m2/repository/org/junit/jupiter/junit-jupiter-params/5.12.2/junit-jupiter-params-5.12.2.jar:/Users/sreenathgurujala/.m2/repository/org/junit/jupiter/junit-jupiter-engine/5.12.2/junit-jupiter-engine-5.12.2.jar:/Users/sreenathgurujala/.m2/repository/org/junit/platform/junit-platform-engine/1.12.2/junit-platform-engine-1.12.2.jar:/Users/sreenathgurujala/.m2/repository/org/mockito/mockito-core/5.17.0/mockito-core-5.17.0.jar:/Users/sreenathgurujala/.m2/repository/net/bytebuddy/byte-buddy-agent/1.17.6/byte-buddy-agent-1.17.6.jar:/Users/sreenathgurujala/.m2/repository/org/objenesis/objenesis/3.3/objenesis-3.3.jar:/Users/sreenathgurujala/.m2/repository/org/mockito/mockito-junit-jupiter/5.17.0/mockito-junit-jupiter-5.17.0.jar:/Users/sreenathgurujala/.m2/repository/org/skyscreamer/jsonassert/1.5.3/jsonassert-1.5.3.jar:/Users/sreenathgurujala/.m2/repository/org/springframework/spring-core/6.2.8/spring-core-6.2.8.jar:/Users/sreenathgurujala/.m2/repository/org/springframework/spring-jcl/6.2.8/spring-jcl-6.2.8.jar:/Users/sreenathgurujala/.m2/repository/org/springframework/spring-test/6.2.8/spring-test-6.2.8.jar:/Users/sreenathgurujala/.m2/repository/org/xmlunit/xmlunit-core/2.10.2/xmlunit-core-2.10.2.jar:"/>
    <property name="java.vm.vendor" value="Homebrew"/>
    <property name="sun.arch.data.model" value="64"/>
    <property name="java.vendor.url" value="https://github.com/Homebrew/homebrew-core/issues"/>
    <property name="user.timezone" value="America/Los_Angeles"/>
    <property name="os.name" value="Mac OS X"/>
    <property name="java.vm.specification.version" value="23"/>
    <property name="sun.java.launcher" value="SUN_STANDARD"/>
    <property name="user.country" value="US"/>
    <property name="sun.boot.library.path" value="/opt/homebrew/Cellar/openjdk/23.0.2/libexec/openjdk.jdk/Contents/Home/lib"/>
    <property name="sun.java.command" value="/Users/sreenathgurujala/git/gt-bff/target/surefire/surefirebooter-20250625142021661_3.jar /Users/sreenathgurujala/git/gt-bff/target/surefire 2025-06-25T14-20-21_620-jvmRun1 surefire-20250625142021661_1tmp surefire_0-20250625142021661_2tmp"/>
    <property name="http.nonProxyHosts" value="local|*.local|169.254/16|*.169.254/16"/>
    <property name="jdk.debug" value="release"/>
    <property name="surefire.test.class.path" value="/Users/sreenathgurujala/git/gt-bff/target/test-classes:/Users/sreenathgurujala/git/gt-bff/target/classes:/Users/sreenathgurujala/.m2/repository/org/springframework/boot/spring-boot-starter-web/3.5.3/spring-boot-starter-web-3.5.3.jar:/Users/sreenathgurujala/.m2/repository/org/springframework/boot/spring-boot-starter/3.5.3/spring-boot-starter-3.5.3.jar:/Users/sreenathgurujala/.m2/repository/org/springframework/boot/spring-boot/3.5.3/spring-boot-3.5.3.jar:/Users/sreenathgurujala/.m2/repository/org/springframework/boot/spring-boot-autoconfigure/3.5.3/spring-boot-autoconfigure-3.5.3.jar:/Users/sreenathgurujala/.m2/repository/org/springframework/boot/spring-boot-starter-logging/3.5.3/spring-boot-starter-logging-3.5.3.jar:/Users/sreenathgurujala/.m2/repository/ch/qos/logback/logback-classic/1.5.18/logback-classic-1.5.18.jar:/Users/sreenathgurujala/.m2/repository/ch/qos/logback/logback-core/1.5.18/logback-core-1.5.18.jar:/Users/sreenathgurujala/.m2/repository/org/apache/logging/log4j/log4j-to-slf4j/2.24.3/log4j-to-slf4j-2.24.3.jar:/Users/sreenathgurujala/.m2/repository/org/apache/logging/log4j/log4j-api/2.24.3/log4j-api-2.24.3.jar:/Users/sreenathgurujala/.m2/repository/org/slf4j/jul-to-slf4j/2.0.17/jul-to-slf4j-2.0.17.jar:/Users/sreenathgurujala/.m2/repository/jakarta/annotation/jakarta.annotation-api/2.1.1/jakarta.annotation-api-2.1.1.jar:/Users/sreenathgurujala/.m2/repository/org/yaml/snakeyaml/2.4/snakeyaml-2.4.jar:/Users/sreenathgurujala/.m2/repository/org/springframework/boot/spring-boot-starter-json/3.5.3/spring-boot-starter-json-3.5.3.jar:/Users/sreenathgurujala/.m2/repository/com/fasterxml/jackson/module/jackson-module-parameter-names/2.19.1/jackson-module-parameter-names-2.19.1.jar:/Users/sreenathgurujala/.m2/repository/org/springframework/boot/spring-boot-starter-tomcat/3.5.3/spring-boot-starter-tomcat-3.5.3.jar:/Users/sreenathgurujala/.m2/repository/org/apache/tomcat/embed/tomcat-embed-core/10.1.42/tomcat-embed-core-10.1.42.jar:/Users/sreenathgurujala/.m2/repository/org/apache/tomcat/embed/tomcat-embed-websocket/10.1.42/tomcat-embed-websocket-10.1.42.jar:/Users/sreenathgurujala/.m2/repository/org/springframework/spring-web/6.2.8/spring-web-6.2.8.jar:/Users/sreenathgurujala/.m2/repository/org/springframework/spring-beans/6.2.8/spring-beans-6.2.8.jar:/Users/sreenathgurujala/.m2/repository/org/springframework/spring-webmvc/6.2.8/spring-webmvc-6.2.8.jar:/Users/sreenathgurujala/.m2/repository/org/springframework/spring-aop/6.2.8/spring-aop-6.2.8.jar:/Users/sreenathgurujala/.m2/repository/org/springframework/spring-context/6.2.8/spring-context-6.2.8.jar:/Users/sreenathgurujala/.m2/repository/org/springframework/spring-expression/6.2.8/spring-expression-6.2.8.jar:/Users/sreenathgurujala/.m2/repository/org/springframework/boot/spring-boot-starter-validation/3.5.3/spring-boot-starter-validation-3.5.3.jar:/Users/sreenathgurujala/.m2/repository/org/apache/tomcat/embed/tomcat-embed-el/10.1.42/tomcat-embed-el-10.1.42.jar:/Users/sreenathgurujala/.m2/repository/org/hibernate/validator/hibernate-validator/8.0.2.Final/hibernate-validator-8.0.2.Final.jar:/Users/sreenathgurujala/.m2/repository/jakarta/validation/jakarta.validation-api/3.0.2/jakarta.validation-api-3.0.2.jar:/Users/sreenathgurujala/.m2/repository/org/jboss/logging/jboss-logging/3.6.1.Final/jboss-logging-3.6.1.Final.jar:/Users/sreenathgurujala/.m2/repository/com/fasterxml/classmate/1.7.0/classmate-1.7.0.jar:/Users/sreenathgurujala/.m2/repository/org/springframework/boot/spring-boot-starter-actuator/3.5.3/spring-boot-starter-actuator-3.5.3.jar:/Users/sreenathgurujala/.m2/repository/org/springframework/boot/spring-boot-actuator-autoconfigure/3.5.3/spring-boot-actuator-autoconfigure-3.5.3.jar:/Users/sreenathgurujala/.m2/repository/org/springframework/boot/spring-boot-actuator/3.5.3/spring-boot-actuator-3.5.3.jar:/Users/sreenathgurujala/.m2/repository/io/micrometer/micrometer-observation/1.15.1/micrometer-observation-1.15.1.jar:/Users/sreenathgurujala/.m2/repository/io/micrometer/micrometer-commons/1.15.1/micrometer-commons-1.15.1.jar:/Users/sreenathgurujala/.m2/repository/io/micrometer/micrometer-jakarta9/1.15.1/micrometer-jakarta9-1.15.1.jar:/Users/sreenathgurujala/.m2/repository/io/micrometer/micrometer-core/1.15.1/micrometer-core-1.15.1.jar:/Users/sreenathgurujala/.m2/repository/org/hdrhistogram/HdrHistogram/2.2.2/HdrHistogram-2.2.2.jar:/Users/sreenathgurujala/.m2/repository/org/latencyutils/LatencyUtils/2.0.3/LatencyUtils-2.0.3.jar:/Users/sreenathgurujala/.m2/repository/org/projectlombok/lombok/1.18.30/lombok-1.18.30.jar:/Users/sreenathgurujala/.m2/repository/org/springdoc/springdoc-openapi-starter-webmvc-ui/2.3.0/springdoc-openapi-starter-webmvc-ui-2.3.0.jar:/Users/sreenathgurujala/.m2/repository/org/springdoc/springdoc-openapi-starter-webmvc-api/2.3.0/springdoc-openapi-starter-webmvc-api-2.3.0.jar:/Users/sreenathgurujala/.m2/repository/org/springdoc/springdoc-openapi-starter-common/2.3.0/springdoc-openapi-starter-common-2.3.0.jar:/Users/sreenathgurujala/.m2/repository/io/swagger/core/v3/swagger-core-jakarta/2.2.19/swagger-core-jakarta-2.2.19.jar:/Users/sreenathgurujala/.m2/repository/org/apache/commons/commons-lang3/3.17.0/commons-lang3-3.17.0.jar:/Users/sreenathgurujala/.m2/repository/io/swagger/core/v3/swagger-annotations-jakarta/2.2.19/swagger-annotations-jakarta-2.2.19.jar:/Users/sreenathgurujala/.m2/repository/io/swagger/core/v3/swagger-models-jakarta/2.2.19/swagger-models-jakarta-2.2.19.jar:/Users/sreenathgurujala/.m2/repository/com/fasterxml/jackson/dataformat/jackson-dataformat-yaml/2.19.1/jackson-dataformat-yaml-2.19.1.jar:/Users/sreenathgurujala/.m2/repository/org/webjars/swagger-ui/5.10.3/swagger-ui-5.10.3.jar:/Users/sreenathgurujala/.m2/repository/org/mapstruct/mapstruct/1.5.5.Final/mapstruct-1.5.5.Final.jar:/Users/sreenathgurujala/.m2/repository/org/mapstruct/mapstruct-processor/1.5.5.Final/mapstruct-processor-1.5.5.Final.jar:/Users/sreenathgurujala/.m2/repository/org/json/json/20240303/json-20240303.jar:/Users/sreenathgurujala/.m2/repository/com/google/genai/google-genai/1.0.0/google-genai-1.0.0.jar:/Users/sreenathgurujala/.m2/repository/com/google/auth/google-auth-library-oauth2-http/1.30.1/google-auth-library-oauth2-http-1.30.1.jar:/Users/sreenathgurujala/.m2/repository/com/google/auto/value/auto-value-annotations/1.11.0/auto-value-annotations-1.11.0.jar:/Users/sreenathgurujala/.m2/repository/com/google/code/findbugs/jsr305/3.0.2/jsr305-3.0.2.jar:/Users/sreenathgurujala/.m2/repository/com/google/auth/google-auth-library-credentials/1.30.1/google-auth-library-credentials-1.30.1.jar:/Users/sreenathgurujala/.m2/repository/com/google/http-client/google-http-client/1.45.2/google-http-client-1.45.2.jar:/Users/sreenathgurujala/.m2/repository/io/grpc/grpc-context/1.68.2/grpc-context-1.68.2.jar:/Users/sreenathgurujala/.m2/repository/io/grpc/grpc-api/1.68.2/grpc-api-1.68.2.jar:/Users/sreenathgurujala/.m2/repository/io/opencensus/opencensus-api/0.31.1/opencensus-api-0.31.1.jar:/Users/sreenathgurujala/.m2/repository/io/opencensus/opencensus-contrib-http-util/0.31.1/opencensus-contrib-http-util-0.31.1.jar:/Users/sreenathgurujala/.m2/repository/com/google/http-client/google-http-client-gson/1.45.2/google-http-client-gson-1.45.2.jar:/Users/sreenathgurujala/.m2/repository/com/google/code/gson/gson/2.13.1/gson-2.13.1.jar:/Users/sreenathgurujala/.m2/repository/com/google/guava/guava/33.3.1-android/guava-33.3.1-android.jar:/Users/sreenathgurujala/.m2/repository/com/google/guava/failureaccess/1.0.2/failureaccess-1.0.2.jar:/Users/sreenathgurujala/.m2/repository/com/google/guava/listenablefuture/9999.0-empty-to-avoid-conflict-with-guava/listenablefuture-9999.0-empty-to-avoid-conflict-with-guava.jar:/Users/sreenathgurujala/.m2/repository/org/checkerframework/checker-qual/3.43.0/checker-qual-3.43.0.jar:/Users/sreenathgurujala/.m2/repository/com/google/errorprone/error_prone_annotations/2.36.0/error_prone_annotations-2.36.0.jar:/Users/sreenathgurujala/.m2/repository/org/apache/httpcomponents/httpclient/4.5.14/httpclient-4.5.14.jar:/Users/sreenathgurujala/.m2/repository/commons-logging/commons-logging/1.2/commons-logging-1.2.jar:/Users/sreenathgurujala/.m2/repository/commons-codec/commons-codec/1.18.0/commons-codec-1.18.0.jar:/Users/sreenathgurujala/.m2/repository/org/apache/httpcomponents/httpcore/4.4.16/httpcore-4.4.16.jar:/Users/sreenathgurujala/.m2/repository/com/google/auto/value/auto-value/1.11.0/auto-value-1.11.0.jar:/Users/sreenathgurujala/.m2/repository/com/google/api/api-common/2.42.1/api-common-2.42.1.jar:/Users/sreenathgurujala/.m2/repository/javax/annotation/javax.annotation-api/1.3.2/javax.annotation-api-1.3.2.jar:/Users/sreenathgurujala/.m2/repository/com/google/j2objc/j2objc-annotations/3.0.0/j2objc-annotations-3.0.0.jar:/Users/sreenathgurujala/.m2/repository/com/fasterxml/jackson/core/jackson-databind/2.19.1/jackson-databind-2.19.1.jar:/Users/sreenathgurujala/.m2/repository/com/fasterxml/jackson/core/jackson-annotations/2.19.1/jackson-annotations-2.19.1.jar:/Users/sreenathgurujala/.m2/repository/com/fasterxml/jackson/core/jackson-core/2.19.1/jackson-core-2.19.1.jar:/Users/sreenathgurujala/.m2/repository/com/fasterxml/jackson/datatype/jackson-datatype-jdk8/2.19.1/jackson-datatype-jdk8-2.19.1.jar:/Users/sreenathgurujala/.m2/repository/com/fasterxml/jackson/datatype/jackson-datatype-jsr310/2.19.1/jackson-datatype-jsr310-2.19.1.jar:/Users/sreenathgurujala/.m2/repository/org/java-websocket/Java-WebSocket/1.6.0/Java-WebSocket-1.6.0.jar:/Users/sreenathgurujala/.m2/repository/org/slf4j/slf4j-api/2.0.17/slf4j-api-2.0.17.jar:/Users/sreenathgurujala/.m2/repository/org/jspecify/jspecify/1.0.0/jspecify-1.0.0.jar:/Users/sreenathgurujala/.m2/repository/org/springframework/boot/spring-boot-starter-test/3.5.3/spring-boot-starter-test-3.5.3.jar:/Users/sreenathgurujala/.m2/repository/org/springframework/boot/spring-boot-test/3.5.3/spring-boot-test-3.5.3.jar:/Users/sreenathgurujala/.m2/repository/org/springframework/boot/spring-boot-test-autoconfigure/3.5.3/spring-boot-test-autoconfigure-3.5.3.jar:/Users/sreenathgurujala/.m2/repository/com/jayway/jsonpath/json-path/2.9.0/json-path-2.9.0.jar:/Users/sreenathgurujala/.m2/repository/jakarta/xml/bind/jakarta.xml.bind-api/4.0.2/jakarta.xml.bind-api-4.0.2.jar:/Users/sreenathgurujala/.m2/repository/jakarta/activation/jakarta.activation-api/2.1.3/jakarta.activation-api-2.1.3.jar:/Users/sreenathgurujala/.m2/repository/net/minidev/json-smart/2.5.2/json-smart-2.5.2.jar:/Users/sreenathgurujala/.m2/repository/net/minidev/accessors-smart/2.5.2/accessors-smart-2.5.2.jar:/Users/sreenathgurujala/.m2/repository/org/ow2/asm/asm/9.7.1/asm-9.7.1.jar:/Users/sreenathgurujala/.m2/repository/org/assertj/assertj-core/3.27.3/assertj-core-3.27.3.jar:/Users/sreenathgurujala/.m2/repository/net/bytebuddy/byte-buddy/1.17.6/byte-buddy-1.17.6.jar:/Users/sreenathgurujala/.m2/repository/org/awaitility/awaitility/4.2.2/awaitility-4.2.2.jar:/Users/sreenathgurujala/.m2/repository/org/hamcrest/hamcrest/3.0/hamcrest-3.0.jar:/Users/sreenathgurujala/.m2/repository/org/junit/jupiter/junit-jupiter/5.12.2/junit-jupiter-5.12.2.jar:/Users/sreenathgurujala/.m2/repository/org/junit/jupiter/junit-jupiter-api/5.12.2/junit-jupiter-api-5.12.2.jar:/Users/sreenathgurujala/.m2/repository/org/opentest4j/opentest4j/1.3.0/opentest4j-1.3.0.jar:/Users/sreenathgurujala/.m2/repository/org/junit/platform/junit-platform-commons/1.12.2/junit-platform-commons-1.12.2.jar:/Users/sreenathgurujala/.m2/repository/org/apiguardian/apiguardian-api/1.1.2/apiguardian-api-1.1.2.jar:/Users/sreenathgurujala/.m2/repository/org/junit/jupiter/junit-jupiter-params/5.12.2/junit-jupiter-params-5.12.2.jar:/Users/sreenathgurujala/.m2/repository/org/junit/jupiter/junit-jupiter-engine/5.12.2/junit-jupiter-engine-5.12.2.jar:/Users/sreenathgurujala/.m2/repository/org/junit/platform/junit-platform-engine/1.12.2/junit-platform-engine-1.12.2.jar:/Users/sreenathgurujala/.m2/repository/org/mockito/mockito-core/5.17.0/mockito-core-5.17.0.jar:/Users/sreenathgurujala/.m2/repository/net/bytebuddy/byte-buddy-agent/1.17.6/byte-buddy-agent-1.17.6.jar:/Users/sreenathgurujala/.m2/repository/org/objenesis/objenesis/3.3/objenesis-3.3.jar:/Users/sreenathgurujala/.m2/repository/org/mockito/mockito-junit-jupiter/5.17.0/mockito-junit-jupiter-5.17.0.jar:/Users/sreenathgurujala/.m2/repository/org/skyscreamer/jsonassert/1.5.3/jsonassert-1.5.3.jar:/Users/sreenathgurujala/.m2/repository/org/springframework/spring-core/6.2.8/spring-core-6.2.8.jar:/Users/sreenathgurujala/.m2/repository/org/springframework/spring-jcl/6.2.8/spring-jcl-6.2.8.jar:/Users/sreenathgurujala/.m2/repository/org/springframework/spring-test/6.2.8/spring-test-6.2.8.jar:/Users/sreenathgurujala/.m2/repository/org/xmlunit/xmlunit-core/2.10.2/xmlunit-core-2.10.2.jar:"/>
    <property name="sun.cpu.endian" value="little"/>
    <property name="user.home" value="/Users/sreenathgurujala"/>
    <property name="user.language" value="en"/>
    <property name="java.specification.vendor" value="Oracle Corporation"/>
    <property name="java.version.date" value="2025-01-21"/>
    <property name="java.home" value="/opt/homebrew/Cellar/openjdk/23.0.2/libexec/openjdk.jdk/Contents/Home"/>
    <property name="file.separator" value="/"/>
    <property name="basedir" value="/Users/sreenathgurujala/git/gt-bff"/>
    <property name="java.vm.compressedOopsMode" value="Zero based"/>
    <property name="line.separator" value="&#10;"/>
    <property name="java.vm.specification.vendor" value="Oracle Corporation"/>
    <property name="java.specification.name" value="Java Platform API Specification"/>
    <property name="apple.awt.application.name" value="ForkedBooter"/>
    <property name="surefire.real.class.path" value="/Users/sreenathgurujala/git/gt-bff/target/surefire/surefirebooter-20250625142021661_3.jar"/>
    <property name="sun.management.compiler" value="HotSpot 64-Bit Tiered Compilers"/>
    <property name="ftp.nonProxyHosts" value="local|*.local|169.254/16|*.169.254/16"/>
    <property name="java.runtime.version" value="23.0.2"/>
    <property name="user.name" value="sreenathgurujala"/>
    <property name="stdout.encoding" value="UTF-8"/>
    <property name="path.separator" value=":"/>
    <property name="os.version" value="15.5"/>
    <property name="java.runtime.name" value="OpenJDK Runtime Environment"/>
    <property name="file.encoding" value="UTF-8"/>
    <property name="java.vm.name" value="OpenJDK 64-Bit Server VM"/>
    <property name="java.vendor.version" value="Homebrew"/>
    <property name="localRepository" value="/Users/sreenathgurujala/.m2/repository"/>
    <property name="java.vendor.url.bug" value="https://github.com/Homebrew/homebrew-core/issues"/>
    <property name="java.io.tmpdir" value="/var/folders/mv/2vtks7_n6m18454hmy5dgdqw0000gn/T/"/>
    <property name="java.version" value="23.0.2"/>
    <property name="user.dir" value="/Users/sreenathgurujala/git/gt-bff"/>
    <property name="os.arch" value="aarch64"/>
    <property name="java.vm.specification.name" value="Java Virtual Machine Specification"/>
    <property name="native.encoding" value="UTF-8"/>
    <property name="java.library.path" value="/Users/sreenathgurujala/Library/Java/Extensions:/Library/Java/Extensions:/Network/Library/Java/Extensions:/System/Library/Java/Extensions:/usr/lib/java:."/>
    <property name="java.vm.info" value="mixed mode, sharing"/>
    <property name="stderr.encoding" value="UTF-8"/>
    <property name="java.vendor" value="Homebrew"/>
    <property name="java.vm.version" value="23.0.2"/>
    <property name="sun.io.unicode.encoding" value="UnicodeBig"/>
    <property name="socksNonProxyHosts" value="local|*.local|169.254/16|*.169.254/16"/>
    <property name="java.class.version" value="67.0"/>
  </properties>
  <testcase name="getSearchFilters_ShouldReturnSuccess" classname="com.gt.bff.controller.GtBffControllerTest" time="0.775">
    <system-out><![CDATA[Standard Commons Logging discovery in action with spring-jcl: please remove commons-logging.jar from classpath in order to avoid potential conflicts
14:20:22.611 [main] INFO org.hibernate.validator.internal.util.Version -- HV000001: Hibernate Validator 8.0.2.Final
14:20:22.755 [main] INFO org.springframework.mock.web.MockServletContext -- Initializing Spring TestDispatcherServlet ''
14:20:22.756 [main] INFO org.springframework.test.web.servlet.TestDispatcherServlet -- Initializing Servlet ''
14:20:22.757 [main] INFO org.springframework.test.web.servlet.TestDispatcherServlet -- Completed initialization in 0 ms
14:20:22.788 [main] INFO com.gt.bff.util.ResponseHelper -- Executing operation: getSearchFilters with context: searchInput: null
]]></system-out>
    <system-err><![CDATA[Mockito is currently self-attaching to enable the inline-mock-maker. This will no longer work in future releases of the JDK. Please add Mockito as an agent to your build as described in Mockito's documentation: https://javadoc.io/doc/org.mockito/mockito-core/latest/org.mockito/org/mockito/Mockito.html#0.3
WARNING: A Java agent has been loaded dynamically (/Users/sreenathgurujala/.m2/repository/net/bytebuddy/byte-buddy-agent/1.17.6/byte-buddy-agent-1.17.6.jar)
WARNING: If a serviceability tool is in use, please run with -XX:+EnableDynamicAgentLoading to hide this warning
WARNING: If a serviceability tool is not in use, please run with -Djdk.instrument.traceUsage for more information
WARNING: Dynamic loading of agents will be disallowed by default in a future release
]]></system-err>
  </testcase>
  <testcase name="planTripWithFlights_ShouldReturnSuccess" classname="com.gt.bff.controller.GtBffControllerTest" time="0.072">
    <system-out><![CDATA[14:20:22.832 [main] INFO org.springframework.mock.web.MockServletContext -- Initializing Spring TestDispatcherServlet ''
14:20:22.832 [main] INFO org.springframework.test.web.servlet.TestDispatcherServlet -- Initializing Servlet ''
14:20:22.832 [main] INFO org.springframework.test.web.servlet.TestDispatcherServlet -- Completed initialization in 0 ms
14:20:22.886 [main] INFO com.gt.bff.util.ResponseHelper -- Executing operation: planTripWithFlights with context: from: New York to: Los Angeles
]]></system-out>
  </testcase>
  <testcase name="getSampleWeather_ShouldReturnSuccess" classname="com.gt.bff.controller.GtBffControllerTest" time="0.012">
    <system-out><![CDATA[14:20:22.904 [main] INFO org.springframework.mock.web.MockServletContext -- Initializing Spring TestDispatcherServlet ''
14:20:22.904 [main] INFO org.springframework.test.web.servlet.TestDispatcherServlet -- Initializing Servlet ''
14:20:22.904 [main] INFO org.springframework.test.web.servlet.TestDispatcherServlet -- Completed initialization in 0 ms
14:20:22.907 [main] INFO com.gt.bff.util.ResponseHelper -- Executing operation: getSampleWeather with context: location: San Francisco, CA, date: null
]]></system-out>
  </testcase>
  <testcase name="getWeatherForecast_WithInvalidRequest_ShouldReturnBadRequest" classname="com.gt.bff.controller.GtBffControllerTest" time="0.026">
    <system-out><![CDATA[14:20:22.915 [main] INFO org.springframework.mock.web.MockServletContext -- Initializing Spring TestDispatcherServlet ''
14:20:22.915 [main] INFO org.springframework.test.web.servlet.TestDispatcherServlet -- Initializing Servlet ''
14:20:22.916 [main] INFO org.springframework.test.web.servlet.TestDispatcherServlet -- Completed initialization in 1 ms
14:20:22.935 [main] WARN org.springframework.web.servlet.mvc.support.DefaultHandlerExceptionResolver -- Resolved [org.springframework.web.bind.MethodArgumentNotValidException: Validation failed for argument [0] in public org.springframework.http.ResponseEntity<com.gt.bff.model.dto.WeatherResponse> com.gt.bff.controller.GtBffController.getWeatherForecast(com.gt.bff.model.dto.WeatherRequest) with 3 errors: [Field error in object 'weatherRequest' on field 'destination': rejected value []; codes [NotBlank.weatherRequest.destination,NotBlank.destination,NotBlank.java.lang.String,NotBlank]; arguments [org.springframework.context.support.DefaultMessageSourceResolvable: codes [weatherRequest.destination,destination]; arguments []; default message [destination]]; default message [Destination is required]] [Field error in object 'weatherRequest' on field 'travelWindow': rejected value []; codes [NotBlank.weatherRequest.travelWindow,NotBlank.travelWindow,NotBlank.java.lang.String,NotBlank]; arguments [org.springframework.context.support.DefaultMessageSourceResolvable: codes [weatherRequest.travelWindow,travelWindow]; arguments []; default message [travelWindow]]; default message [Travel window is required]] [Field error in object 'weatherRequest' on field 'contextId': rejected value []; codes [NotBlank.weatherRequest.contextId,NotBlank.contextId,NotBlank.java.lang.String,NotBlank]; arguments [org.springframework.context.support.DefaultMessageSourceResolvable: codes [weatherRequest.contextId,contextId]; arguments []; default message [contextId]]; default message [Context ID is required]] ]
]]></system-out>
  </testcase>
  <testcase name="planTripWithFlights_WithInvalidRequest_ShouldReturnBadRequest" classname="com.gt.bff.controller.GtBffControllerTest" time="0.012">
    <system-out><![CDATA[14:20:22.942 [main] INFO org.springframework.mock.web.MockServletContext -- Initializing Spring TestDispatcherServlet ''
14:20:22.942 [main] INFO org.springframework.test.web.servlet.TestDispatcherServlet -- Initializing Servlet ''
14:20:22.942 [main] INFO org.springframework.test.web.servlet.TestDispatcherServlet -- Completed initialization in 0 ms
14:20:22.947 [main] WARN org.springframework.web.servlet.mvc.support.DefaultHandlerExceptionResolver -- Resolved [org.springframework.web.bind.MethodArgumentNotValidException: Validation failed for argument [0] in public org.springframework.http.ResponseEntity<com.gt.bff.model.dto.TravelResponse> com.gt.bff.controller.GtBffController.planTripWithFlights(com.gt.bff.model.dto.TravelRequest) with 3 errors: [Field error in object 'travelRequest' on field 'origin': rejected value []; codes [NotBlank.travelRequest.origin,NotBlank.origin,NotBlank.java.lang.String,NotBlank]; arguments [org.springframework.context.support.DefaultMessageSourceResolvable: codes [travelRequest.origin,origin]; arguments []; default message [origin]]; default message [Origin is required]] [Field error in object 'travelRequest' on field 'destination': rejected value []; codes [NotBlank.travelRequest.destination,NotBlank.destination,NotBlank.java.lang.String,NotBlank]; arguments [org.springframework.context.support.DefaultMessageSourceResolvable: codes [travelRequest.destination,destination]; arguments []; default message [destination]]; default message [Destination is required]] [Field error in object 'travelRequest' on field 'departureDate': rejected value [null]; codes [NotNull.travelRequest.departureDate,NotNull.departureDate,NotNull.java.time.LocalDate,NotNull]; arguments [org.springframework.context.support.DefaultMessageSourceResolvable: codes [travelRequest.departureDate,departureDate]; arguments []; default message [departureDate]]; default message [Departure date is required]] ]
]]></system-out>
  </testcase>
  <testcase name="getWeatherForecast_ShouldReturnSuccess" classname="com.gt.bff.controller.GtBffControllerTest" time="0.014">
    <system-out><![CDATA[14:20:22.954 [main] INFO org.springframework.mock.web.MockServletContext -- Initializing Spring TestDispatcherServlet ''
14:20:22.954 [main] INFO org.springframework.test.web.servlet.TestDispatcherServlet -- Initializing Servlet ''
14:20:22.954 [main] INFO org.springframework.test.web.servlet.TestDispatcherServlet -- Completed initialization in 0 ms
14:20:22.958 [main] INFO com.gt.bff.util.ResponseHelper -- Executing operation: getWeatherForecast with context: destination: Tokyo
]]></system-out>
  </testcase>
</testsuite>