<?xml version="1.0" encoding="UTF-8"?>
<testsuite xmlns:xsi="http://www.w3.org/2001/XMLSchema-instance" xsi:noNamespaceSchemaLocation="https://maven.apache.org/surefire/maven-surefire-plugin/xsd/surefire-test-report-3.0.xsd" version="3.0" name="com.gt.bff.controller.GtBffControllerTest" time="1.466" tests="6" errors="0" skipped="0" failures="0">
  <properties>
    <property name="java.specification.version" value="23"/>
    <property name="sun.jnu.encoding" value="UTF-8"/>
    <property name="java.class.path" value="/Users/sreenathgurujala/git/gt-bff/target/test-classes:/Users/sreenathgurujala/git/gt-bff/target/classes:/Users/sreenathgurujala/.m2/repository/org/springframework/boot/spring-boot-starter-web/3.2.0/spring-boot-starter-web-3.2.0.jar:/Users/sreenathgurujala/.m2/repository/org/springframework/boot/spring-boot-starter/3.2.0/spring-boot-starter-3.2.0.jar:/Users/sreenathgurujala/.m2/repository/org/springframework/boot/spring-boot/3.2.0/spring-boot-3.2.0.jar:/Users/sreenathgurujala/.m2/repository/org/springframework/boot/spring-boot-autoconfigure/3.2.0/spring-boot-autoconfigure-3.2.0.jar:/Users/sreenathgurujala/.m2/repository/org/springframework/boot/spring-boot-starter-logging/3.2.0/spring-boot-starter-logging-3.2.0.jar:/Users/sreenathgurujala/.m2/repository/ch/qos/logback/logback-classic/1.4.11/logback-classic-1.4.11.jar:/Users/sreenathgurujala/.m2/repository/ch/qos/logback/logback-core/1.4.11/logback-core-1.4.11.jar:/Users/sreenathgurujala/.m2/repository/org/apache/logging/log4j/log4j-to-slf4j/2.21.1/log4j-to-slf4j-2.21.1.jar:/Users/sreenathgurujala/.m2/repository/org/apache/logging/log4j/log4j-api/2.21.1/log4j-api-2.21.1.jar:/Users/sreenathgurujala/.m2/repository/org/slf4j/jul-to-slf4j/2.0.9/jul-to-slf4j-2.0.9.jar:/Users/sreenathgurujala/.m2/repository/jakarta/annotation/jakarta.annotation-api/2.1.1/jakarta.annotation-api-2.1.1.jar:/Users/sreenathgurujala/.m2/repository/org/yaml/snakeyaml/2.2/snakeyaml-2.2.jar:/Users/sreenathgurujala/.m2/repository/org/springframework/boot/spring-boot-starter-json/3.2.0/spring-boot-starter-json-3.2.0.jar:/Users/sreenathgurujala/.m2/repository/com/fasterxml/jackson/core/jackson-databind/2.15.3/jackson-databind-2.15.3.jar:/Users/sreenathgurujala/.m2/repository/com/fasterxml/jackson/core/jackson-annotations/2.15.3/jackson-annotations-2.15.3.jar:/Users/sreenathgurujala/.m2/repository/com/fasterxml/jackson/core/jackson-core/2.15.3/jackson-core-2.15.3.jar:/Users/sreenathgurujala/.m2/repository/com/fasterxml/jackson/datatype/jackson-datatype-jdk8/2.15.3/jackson-datatype-jdk8-2.15.3.jar:/Users/sreenathgurujala/.m2/repository/com/fasterxml/jackson/datatype/jackson-datatype-jsr310/2.15.3/jackson-datatype-jsr310-2.15.3.jar:/Users/sreenathgurujala/.m2/repository/com/fasterxml/jackson/module/jackson-module-parameter-names/2.15.3/jackson-module-parameter-names-2.15.3.jar:/Users/sreenathgurujala/.m2/repository/org/springframework/boot/spring-boot-starter-tomcat/3.2.0/spring-boot-starter-tomcat-3.2.0.jar:/Users/sreenathgurujala/.m2/repository/org/apache/tomcat/embed/tomcat-embed-core/10.1.16/tomcat-embed-core-10.1.16.jar:/Users/sreenathgurujala/.m2/repository/org/apache/tomcat/embed/tomcat-embed-websocket/10.1.16/tomcat-embed-websocket-10.1.16.jar:/Users/sreenathgurujala/.m2/repository/org/springframework/spring-web/6.1.1/spring-web-6.1.1.jar:/Users/sreenathgurujala/.m2/repository/org/springframework/spring-beans/6.1.1/spring-beans-6.1.1.jar:/Users/sreenathgurujala/.m2/repository/org/springframework/spring-webmvc/6.1.1/spring-webmvc-6.1.1.jar:/Users/sreenathgurujala/.m2/repository/org/springframework/spring-aop/6.1.1/spring-aop-6.1.1.jar:/Users/sreenathgurujala/.m2/repository/org/springframework/spring-context/6.1.1/spring-context-6.1.1.jar:/Users/sreenathgurujala/.m2/repository/org/springframework/spring-expression/6.1.1/spring-expression-6.1.1.jar:/Users/sreenathgurujala/.m2/repository/org/springframework/boot/spring-boot-starter-validation/3.2.0/spring-boot-starter-validation-3.2.0.jar:/Users/sreenathgurujala/.m2/repository/org/apache/tomcat/embed/tomcat-embed-el/10.1.16/tomcat-embed-el-10.1.16.jar:/Users/sreenathgurujala/.m2/repository/org/hibernate/validator/hibernate-validator/8.0.1.Final/hibernate-validator-8.0.1.Final.jar:/Users/sreenathgurujala/.m2/repository/jakarta/validation/jakarta.validation-api/3.0.2/jakarta.validation-api-3.0.2.jar:/Users/sreenathgurujala/.m2/repository/org/jboss/logging/jboss-logging/3.5.3.Final/jboss-logging-3.5.3.Final.jar:/Users/sreenathgurujala/.m2/repository/com/fasterxml/classmate/1.6.0/classmate-1.6.0.jar:/Users/sreenathgurujala/.m2/repository/org/springframework/boot/spring-boot-starter-actuator/3.2.0/spring-boot-starter-actuator-3.2.0.jar:/Users/sreenathgurujala/.m2/repository/org/springframework/boot/spring-boot-actuator-autoconfigure/3.2.0/spring-boot-actuator-autoconfigure-3.2.0.jar:/Users/sreenathgurujala/.m2/repository/org/springframework/boot/spring-boot-actuator/3.2.0/spring-boot-actuator-3.2.0.jar:/Users/sreenathgurujala/.m2/repository/io/micrometer/micrometer-observation/1.12.0/micrometer-observation-1.12.0.jar:/Users/sreenathgurujala/.m2/repository/io/micrometer/micrometer-commons/1.12.0/micrometer-commons-1.12.0.jar:/Users/sreenathgurujala/.m2/repository/io/micrometer/micrometer-jakarta9/1.12.0/micrometer-jakarta9-1.12.0.jar:/Users/sreenathgurujala/.m2/repository/io/micrometer/micrometer-core/1.12.0/micrometer-core-1.12.0.jar:/Users/sreenathgurujala/.m2/repository/org/hdrhistogram/HdrHistogram/2.1.12/HdrHistogram-2.1.12.jar:/Users/sreenathgurujala/.m2/repository/org/latencyutils/LatencyUtils/2.0.3/LatencyUtils-2.0.3.jar:/Users/sreenathgurujala/.m2/repository/org/projectlombok/lombok/1.18.30/lombok-1.18.30.jar:/Users/sreenathgurujala/.m2/repository/org/springdoc/springdoc-openapi-starter-webmvc-ui/2.3.0/springdoc-openapi-starter-webmvc-ui-2.3.0.jar:/Users/sreenathgurujala/.m2/repository/org/springdoc/springdoc-openapi-starter-webmvc-api/2.3.0/springdoc-openapi-starter-webmvc-api-2.3.0.jar:/Users/sreenathgurujala/.m2/repository/org/springdoc/springdoc-openapi-starter-common/2.3.0/springdoc-openapi-starter-common-2.3.0.jar:/Users/sreenathgurujala/.m2/repository/io/swagger/core/v3/swagger-core-jakarta/2.2.19/swagger-core-jakarta-2.2.19.jar:/Users/sreenathgurujala/.m2/repository/org/apache/commons/commons-lang3/3.13.0/commons-lang3-3.13.0.jar:/Users/sreenathgurujala/.m2/repository/io/swagger/core/v3/swagger-annotations-jakarta/2.2.19/swagger-annotations-jakarta-2.2.19.jar:/Users/sreenathgurujala/.m2/repository/io/swagger/core/v3/swagger-models-jakarta/2.2.19/swagger-models-jakarta-2.2.19.jar:/Users/sreenathgurujala/.m2/repository/com/fasterxml/jackson/dataformat/jackson-dataformat-yaml/2.15.3/jackson-dataformat-yaml-2.15.3.jar:/Users/sreenathgurujala/.m2/repository/org/webjars/swagger-ui/5.10.3/swagger-ui-5.10.3.jar:/Users/sreenathgurujala/.m2/repository/org/mapstruct/mapstruct/1.5.5.Final/mapstruct-1.5.5.Final.jar:/Users/sreenathgurujala/.m2/repository/org/mapstruct/mapstruct-processor/1.5.5.Final/mapstruct-processor-1.5.5.Final.jar:/Users/sreenathgurujala/.m2/repository/org/springframework/boot/spring-boot-starter-test/3.2.0/spring-boot-starter-test-3.2.0.jar:/Users/sreenathgurujala/.m2/repository/org/springframework/boot/spring-boot-test/3.2.0/spring-boot-test-3.2.0.jar:/Users/sreenathgurujala/.m2/repository/org/springframework/boot/spring-boot-test-autoconfigure/3.2.0/spring-boot-test-autoconfigure-3.2.0.jar:/Users/sreenathgurujala/.m2/repository/com/jayway/jsonpath/json-path/2.8.0/json-path-2.8.0.jar:/Users/sreenathgurujala/.m2/repository/org/slf4j/slf4j-api/2.0.9/slf4j-api-2.0.9.jar:/Users/sreenathgurujala/.m2/repository/jakarta/xml/bind/jakarta.xml.bind-api/4.0.1/jakarta.xml.bind-api-4.0.1.jar:/Users/sreenathgurujala/.m2/repository/jakarta/activation/jakarta.activation-api/2.1.2/jakarta.activation-api-2.1.2.jar:/Users/sreenathgurujala/.m2/repository/net/minidev/json-smart/2.5.0/json-smart-2.5.0.jar:/Users/sreenathgurujala/.m2/repository/net/minidev/accessors-smart/2.5.0/accessors-smart-2.5.0.jar:/Users/sreenathgurujala/.m2/repository/org/ow2/asm/asm/9.3/asm-9.3.jar:/Users/sreenathgurujala/.m2/repository/org/assertj/assertj-core/3.24.2/assertj-core-3.24.2.jar:/Users/sreenathgurujala/.m2/repository/net/bytebuddy/byte-buddy/1.14.10/byte-buddy-1.14.10.jar:/Users/sreenathgurujala/.m2/repository/org/awaitility/awaitility/4.2.0/awaitility-4.2.0.jar:/Users/sreenathgurujala/.m2/repository/org/hamcrest/hamcrest/2.2/hamcrest-2.2.jar:/Users/sreenathgurujala/.m2/repository/org/junit/jupiter/junit-jupiter/5.10.1/junit-jupiter-5.10.1.jar:/Users/sreenathgurujala/.m2/repository/org/junit/jupiter/junit-jupiter-api/5.10.1/junit-jupiter-api-5.10.1.jar:/Users/sreenathgurujala/.m2/repository/org/opentest4j/opentest4j/1.3.0/opentest4j-1.3.0.jar:/Users/sreenathgurujala/.m2/repository/org/junit/platform/junit-platform-commons/1.10.1/junit-platform-commons-1.10.1.jar:/Users/sreenathgurujala/.m2/repository/org/apiguardian/apiguardian-api/1.1.2/apiguardian-api-1.1.2.jar:/Users/sreenathgurujala/.m2/repository/org/junit/jupiter/junit-jupiter-params/5.10.1/junit-jupiter-params-5.10.1.jar:/Users/sreenathgurujala/.m2/repository/org/junit/jupiter/junit-jupiter-engine/5.10.1/junit-jupiter-engine-5.10.1.jar:/Users/sreenathgurujala/.m2/repository/org/junit/platform/junit-platform-engine/1.10.1/junit-platform-engine-1.10.1.jar:/Users/sreenathgurujala/.m2/repository/org/mockito/mockito-core/5.7.0/mockito-core-5.7.0.jar:/Users/sreenathgurujala/.m2/repository/net/bytebuddy/byte-buddy-agent/1.14.10/byte-buddy-agent-1.14.10.jar:/Users/sreenathgurujala/.m2/repository/org/objenesis/objenesis/3.3/objenesis-3.3.jar:/Users/sreenathgurujala/.m2/repository/org/mockito/mockito-junit-jupiter/5.7.0/mockito-junit-jupiter-5.7.0.jar:/Users/sreenathgurujala/.m2/repository/org/skyscreamer/jsonassert/1.5.1/jsonassert-1.5.1.jar:/Users/sreenathgurujala/.m2/repository/com/vaadin/external/google/android-json/0.0.20131108.vaadin1/android-json-0.0.20131108.vaadin1.jar:/Users/sreenathgurujala/.m2/repository/org/springframework/spring-core/6.1.1/spring-core-6.1.1.jar:/Users/sreenathgurujala/.m2/repository/org/springframework/spring-jcl/6.1.1/spring-jcl-6.1.1.jar:/Users/sreenathgurujala/.m2/repository/org/springframework/spring-test/6.1.1/spring-test-6.1.1.jar:/Users/sreenathgurujala/.m2/repository/org/xmlunit/xmlunit-core/2.9.1/xmlunit-core-2.9.1.jar:"/>
    <property name="LOGBACK_ROLLINGPOLICY_MAX_FILE_SIZE" value="10485760"/>
    <property name="java.vm.vendor" value="Homebrew"/>
    <property name="sun.arch.data.model" value="64"/>
    <property name="java.vendor.url" value="https://github.com/Homebrew/homebrew-core/issues"/>
    <property name="user.timezone" value="America/Los_Angeles"/>
    <property name="org.jboss.logging.provider" value="slf4j"/>
    <property name="os.name" value="Mac OS X"/>
    <property name="java.vm.specification.version" value="23"/>
    <property name="user.country" value="US"/>
    <property name="sun.java.launcher" value="SUN_STANDARD"/>
    <property name="sun.boot.library.path" value="/opt/homebrew/Cellar/openjdk/23.0.2/libexec/openjdk.jdk/Contents/Home/lib"/>
    <property name="sun.java.command" value="/Users/sreenathgurujala/git/gt-bff/target/surefire/surefirebooter-20250624121222944_3.jar /Users/sreenathgurujala/git/gt-bff/target/surefire 2025-06-24T12-12-22_905-jvmRun1 surefire-20250624121222944_1tmp surefire_0-20250624121222944_2tmp"/>
    <property name="http.nonProxyHosts" value="local|*.local|169.254/16|*.169.254/16"/>
    <property name="jdk.debug" value="release"/>
    <property name="surefire.test.class.path" value="/Users/sreenathgurujala/git/gt-bff/target/test-classes:/Users/sreenathgurujala/git/gt-bff/target/classes:/Users/sreenathgurujala/.m2/repository/org/springframework/boot/spring-boot-starter-web/3.2.0/spring-boot-starter-web-3.2.0.jar:/Users/sreenathgurujala/.m2/repository/org/springframework/boot/spring-boot-starter/3.2.0/spring-boot-starter-3.2.0.jar:/Users/sreenathgurujala/.m2/repository/org/springframework/boot/spring-boot/3.2.0/spring-boot-3.2.0.jar:/Users/sreenathgurujala/.m2/repository/org/springframework/boot/spring-boot-autoconfigure/3.2.0/spring-boot-autoconfigure-3.2.0.jar:/Users/sreenathgurujala/.m2/repository/org/springframework/boot/spring-boot-starter-logging/3.2.0/spring-boot-starter-logging-3.2.0.jar:/Users/sreenathgurujala/.m2/repository/ch/qos/logback/logback-classic/1.4.11/logback-classic-1.4.11.jar:/Users/sreenathgurujala/.m2/repository/ch/qos/logback/logback-core/1.4.11/logback-core-1.4.11.jar:/Users/sreenathgurujala/.m2/repository/org/apache/logging/log4j/log4j-to-slf4j/2.21.1/log4j-to-slf4j-2.21.1.jar:/Users/sreenathgurujala/.m2/repository/org/apache/logging/log4j/log4j-api/2.21.1/log4j-api-2.21.1.jar:/Users/sreenathgurujala/.m2/repository/org/slf4j/jul-to-slf4j/2.0.9/jul-to-slf4j-2.0.9.jar:/Users/sreenathgurujala/.m2/repository/jakarta/annotation/jakarta.annotation-api/2.1.1/jakarta.annotation-api-2.1.1.jar:/Users/sreenathgurujala/.m2/repository/org/yaml/snakeyaml/2.2/snakeyaml-2.2.jar:/Users/sreenathgurujala/.m2/repository/org/springframework/boot/spring-boot-starter-json/3.2.0/spring-boot-starter-json-3.2.0.jar:/Users/sreenathgurujala/.m2/repository/com/fasterxml/jackson/core/jackson-databind/2.15.3/jackson-databind-2.15.3.jar:/Users/sreenathgurujala/.m2/repository/com/fasterxml/jackson/core/jackson-annotations/2.15.3/jackson-annotations-2.15.3.jar:/Users/sreenathgurujala/.m2/repository/com/fasterxml/jackson/core/jackson-core/2.15.3/jackson-core-2.15.3.jar:/Users/sreenathgurujala/.m2/repository/com/fasterxml/jackson/datatype/jackson-datatype-jdk8/2.15.3/jackson-datatype-jdk8-2.15.3.jar:/Users/sreenathgurujala/.m2/repository/com/fasterxml/jackson/datatype/jackson-datatype-jsr310/2.15.3/jackson-datatype-jsr310-2.15.3.jar:/Users/sreenathgurujala/.m2/repository/com/fasterxml/jackson/module/jackson-module-parameter-names/2.15.3/jackson-module-parameter-names-2.15.3.jar:/Users/sreenathgurujala/.m2/repository/org/springframework/boot/spring-boot-starter-tomcat/3.2.0/spring-boot-starter-tomcat-3.2.0.jar:/Users/sreenathgurujala/.m2/repository/org/apache/tomcat/embed/tomcat-embed-core/10.1.16/tomcat-embed-core-10.1.16.jar:/Users/sreenathgurujala/.m2/repository/org/apache/tomcat/embed/tomcat-embed-websocket/10.1.16/tomcat-embed-websocket-10.1.16.jar:/Users/sreenathgurujala/.m2/repository/org/springframework/spring-web/6.1.1/spring-web-6.1.1.jar:/Users/sreenathgurujala/.m2/repository/org/springframework/spring-beans/6.1.1/spring-beans-6.1.1.jar:/Users/sreenathgurujala/.m2/repository/org/springframework/spring-webmvc/6.1.1/spring-webmvc-6.1.1.jar:/Users/sreenathgurujala/.m2/repository/org/springframework/spring-aop/6.1.1/spring-aop-6.1.1.jar:/Users/sreenathgurujala/.m2/repository/org/springframework/spring-context/6.1.1/spring-context-6.1.1.jar:/Users/sreenathgurujala/.m2/repository/org/springframework/spring-expression/6.1.1/spring-expression-6.1.1.jar:/Users/sreenathgurujala/.m2/repository/org/springframework/boot/spring-boot-starter-validation/3.2.0/spring-boot-starter-validation-3.2.0.jar:/Users/sreenathgurujala/.m2/repository/org/apache/tomcat/embed/tomcat-embed-el/10.1.16/tomcat-embed-el-10.1.16.jar:/Users/sreenathgurujala/.m2/repository/org/hibernate/validator/hibernate-validator/8.0.1.Final/hibernate-validator-8.0.1.Final.jar:/Users/sreenathgurujala/.m2/repository/jakarta/validation/jakarta.validation-api/3.0.2/jakarta.validation-api-3.0.2.jar:/Users/sreenathgurujala/.m2/repository/org/jboss/logging/jboss-logging/3.5.3.Final/jboss-logging-3.5.3.Final.jar:/Users/sreenathgurujala/.m2/repository/com/fasterxml/classmate/1.6.0/classmate-1.6.0.jar:/Users/sreenathgurujala/.m2/repository/org/springframework/boot/spring-boot-starter-actuator/3.2.0/spring-boot-starter-actuator-3.2.0.jar:/Users/sreenathgurujala/.m2/repository/org/springframework/boot/spring-boot-actuator-autoconfigure/3.2.0/spring-boot-actuator-autoconfigure-3.2.0.jar:/Users/sreenathgurujala/.m2/repository/org/springframework/boot/spring-boot-actuator/3.2.0/spring-boot-actuator-3.2.0.jar:/Users/sreenathgurujala/.m2/repository/io/micrometer/micrometer-observation/1.12.0/micrometer-observation-1.12.0.jar:/Users/sreenathgurujala/.m2/repository/io/micrometer/micrometer-commons/1.12.0/micrometer-commons-1.12.0.jar:/Users/sreenathgurujala/.m2/repository/io/micrometer/micrometer-jakarta9/1.12.0/micrometer-jakarta9-1.12.0.jar:/Users/sreenathgurujala/.m2/repository/io/micrometer/micrometer-core/1.12.0/micrometer-core-1.12.0.jar:/Users/sreenathgurujala/.m2/repository/org/hdrhistogram/HdrHistogram/2.1.12/HdrHistogram-2.1.12.jar:/Users/sreenathgurujala/.m2/repository/org/latencyutils/LatencyUtils/2.0.3/LatencyUtils-2.0.3.jar:/Users/sreenathgurujala/.m2/repository/org/projectlombok/lombok/1.18.30/lombok-1.18.30.jar:/Users/sreenathgurujala/.m2/repository/org/springdoc/springdoc-openapi-starter-webmvc-ui/2.3.0/springdoc-openapi-starter-webmvc-ui-2.3.0.jar:/Users/sreenathgurujala/.m2/repository/org/springdoc/springdoc-openapi-starter-webmvc-api/2.3.0/springdoc-openapi-starter-webmvc-api-2.3.0.jar:/Users/sreenathgurujala/.m2/repository/org/springdoc/springdoc-openapi-starter-common/2.3.0/springdoc-openapi-starter-common-2.3.0.jar:/Users/sreenathgurujala/.m2/repository/io/swagger/core/v3/swagger-core-jakarta/2.2.19/swagger-core-jakarta-2.2.19.jar:/Users/sreenathgurujala/.m2/repository/org/apache/commons/commons-lang3/3.13.0/commons-lang3-3.13.0.jar:/Users/sreenathgurujala/.m2/repository/io/swagger/core/v3/swagger-annotations-jakarta/2.2.19/swagger-annotations-jakarta-2.2.19.jar:/Users/sreenathgurujala/.m2/repository/io/swagger/core/v3/swagger-models-jakarta/2.2.19/swagger-models-jakarta-2.2.19.jar:/Users/sreenathgurujala/.m2/repository/com/fasterxml/jackson/dataformat/jackson-dataformat-yaml/2.15.3/jackson-dataformat-yaml-2.15.3.jar:/Users/sreenathgurujala/.m2/repository/org/webjars/swagger-ui/5.10.3/swagger-ui-5.10.3.jar:/Users/sreenathgurujala/.m2/repository/org/mapstruct/mapstruct/1.5.5.Final/mapstruct-1.5.5.Final.jar:/Users/sreenathgurujala/.m2/repository/org/mapstruct/mapstruct-processor/1.5.5.Final/mapstruct-processor-1.5.5.Final.jar:/Users/sreenathgurujala/.m2/repository/org/springframework/boot/spring-boot-starter-test/3.2.0/spring-boot-starter-test-3.2.0.jar:/Users/sreenathgurujala/.m2/repository/org/springframework/boot/spring-boot-test/3.2.0/spring-boot-test-3.2.0.jar:/Users/sreenathgurujala/.m2/repository/org/springframework/boot/spring-boot-test-autoconfigure/3.2.0/spring-boot-test-autoconfigure-3.2.0.jar:/Users/sreenathgurujala/.m2/repository/com/jayway/jsonpath/json-path/2.8.0/json-path-2.8.0.jar:/Users/sreenathgurujala/.m2/repository/org/slf4j/slf4j-api/2.0.9/slf4j-api-2.0.9.jar:/Users/sreenathgurujala/.m2/repository/jakarta/xml/bind/jakarta.xml.bind-api/4.0.1/jakarta.xml.bind-api-4.0.1.jar:/Users/sreenathgurujala/.m2/repository/jakarta/activation/jakarta.activation-api/2.1.2/jakarta.activation-api-2.1.2.jar:/Users/sreenathgurujala/.m2/repository/net/minidev/json-smart/2.5.0/json-smart-2.5.0.jar:/Users/sreenathgurujala/.m2/repository/net/minidev/accessors-smart/2.5.0/accessors-smart-2.5.0.jar:/Users/sreenathgurujala/.m2/repository/org/ow2/asm/asm/9.3/asm-9.3.jar:/Users/sreenathgurujala/.m2/repository/org/assertj/assertj-core/3.24.2/assertj-core-3.24.2.jar:/Users/sreenathgurujala/.m2/repository/net/bytebuddy/byte-buddy/1.14.10/byte-buddy-1.14.10.jar:/Users/sreenathgurujala/.m2/repository/org/awaitility/awaitility/4.2.0/awaitility-4.2.0.jar:/Users/sreenathgurujala/.m2/repository/org/hamcrest/hamcrest/2.2/hamcrest-2.2.jar:/Users/sreenathgurujala/.m2/repository/org/junit/jupiter/junit-jupiter/5.10.1/junit-jupiter-5.10.1.jar:/Users/sreenathgurujala/.m2/repository/org/junit/jupiter/junit-jupiter-api/5.10.1/junit-jupiter-api-5.10.1.jar:/Users/sreenathgurujala/.m2/repository/org/opentest4j/opentest4j/1.3.0/opentest4j-1.3.0.jar:/Users/sreenathgurujala/.m2/repository/org/junit/platform/junit-platform-commons/1.10.1/junit-platform-commons-1.10.1.jar:/Users/sreenathgurujala/.m2/repository/org/apiguardian/apiguardian-api/1.1.2/apiguardian-api-1.1.2.jar:/Users/sreenathgurujala/.m2/repository/org/junit/jupiter/junit-jupiter-params/5.10.1/junit-jupiter-params-5.10.1.jar:/Users/sreenathgurujala/.m2/repository/org/junit/jupiter/junit-jupiter-engine/5.10.1/junit-jupiter-engine-5.10.1.jar:/Users/sreenathgurujala/.m2/repository/org/junit/platform/junit-platform-engine/1.10.1/junit-platform-engine-1.10.1.jar:/Users/sreenathgurujala/.m2/repository/org/mockito/mockito-core/5.7.0/mockito-core-5.7.0.jar:/Users/sreenathgurujala/.m2/repository/net/bytebuddy/byte-buddy-agent/1.14.10/byte-buddy-agent-1.14.10.jar:/Users/sreenathgurujala/.m2/repository/org/objenesis/objenesis/3.3/objenesis-3.3.jar:/Users/sreenathgurujala/.m2/repository/org/mockito/mockito-junit-jupiter/5.7.0/mockito-junit-jupiter-5.7.0.jar:/Users/sreenathgurujala/.m2/repository/org/skyscreamer/jsonassert/1.5.1/jsonassert-1.5.1.jar:/Users/sreenathgurujala/.m2/repository/com/vaadin/external/google/android-json/0.0.20131108.vaadin1/android-json-0.0.20131108.vaadin1.jar:/Users/sreenathgurujala/.m2/repository/org/springframework/spring-core/6.1.1/spring-core-6.1.1.jar:/Users/sreenathgurujala/.m2/repository/org/springframework/spring-jcl/6.1.1/spring-jcl-6.1.1.jar:/Users/sreenathgurujala/.m2/repository/org/springframework/spring-test/6.1.1/spring-test-6.1.1.jar:/Users/sreenathgurujala/.m2/repository/org/xmlunit/xmlunit-core/2.9.1/xmlunit-core-2.9.1.jar:"/>
    <property name="sun.cpu.endian" value="little"/>
    <property name="user.home" value="/Users/sreenathgurujala"/>
    <property name="user.language" value="en"/>
    <property name="java.specification.vendor" value="Oracle Corporation"/>
    <property name="java.version.date" value="2025-01-21"/>
    <property name="java.home" value="/opt/homebrew/Cellar/openjdk/23.0.2/libexec/openjdk.jdk/Contents/Home"/>
    <property name="file.separator" value="/"/>
    <property name="basedir" value="/Users/sreenathgurujala/git/gt-bff"/>
    <property name="java.vm.compressedOopsMode" value="Zero based"/>
    <property name="line.separator" value="&#10;"/>
    <property name="java.vm.specification.vendor" value="Oracle Corporation"/>
    <property name="java.specification.name" value="Java Platform API Specification"/>
    <property name="FILE_LOG_CHARSET" value="UTF-8"/>
    <property name="java.awt.headless" value="true"/>
    <property name="apple.awt.application.name" value="ForkedBooter"/>
    <property name="surefire.real.class.path" value="/Users/sreenathgurujala/git/gt-bff/target/surefire/surefirebooter-20250624121222944_3.jar"/>
    <property name="sun.management.compiler" value="HotSpot 64-Bit Tiered Compilers"/>
    <property name="ftp.nonProxyHosts" value="local|*.local|169.254/16|*.169.254/16"/>
    <property name="java.runtime.version" value="23.0.2"/>
    <property name="user.name" value="sreenathgurujala"/>
    <property name="stdout.encoding" value="UTF-8"/>
    <property name="path.separator" value=":"/>
    <property name="os.version" value="15.5"/>
    <property name="java.runtime.name" value="OpenJDK Runtime Environment"/>
    <property name="file.encoding" value="UTF-8"/>
    <property name="java.vm.name" value="OpenJDK 64-Bit Server VM"/>
    <property name="java.vendor.version" value="Homebrew"/>
    <property name="LOG_FILE" value="logs/application.log"/>
    <property name="localRepository" value="/Users/sreenathgurujala/.m2/repository"/>
    <property name="java.vendor.url.bug" value="https://github.com/Homebrew/homebrew-core/issues"/>
    <property name="java.io.tmpdir" value="/var/folders/mv/2vtks7_n6m18454hmy5dgdqw0000gn/T/"/>
    <property name="java.version" value="23.0.2"/>
    <property name="user.dir" value="/Users/sreenathgurujala/git/gt-bff"/>
    <property name="os.arch" value="aarch64"/>
    <property name="java.vm.specification.name" value="Java Virtual Machine Specification"/>
    <property name="PID" value="3012"/>
    <property name="CONSOLE_LOG_CHARSET" value="UTF-8"/>
    <property name="LOGBACK_ROLLINGPOLICY_MAX_HISTORY" value="7"/>
    <property name="native.encoding" value="UTF-8"/>
    <property name="java.library.path" value="/Users/sreenathgurujala/Library/Java/Extensions:/Library/Java/Extensions:/Network/Library/Java/Extensions:/System/Library/Java/Extensions:/usr/lib/java:."/>
    <property name="java.vm.info" value="mixed mode, sharing"/>
    <property name="stderr.encoding" value="UTF-8"/>
    <property name="java.vendor" value="Homebrew"/>
    <property name="java.vm.version" value="23.0.2"/>
    <property name="sun.io.unicode.encoding" value="UnicodeBig"/>
    <property name="socksNonProxyHosts" value="local|*.local|169.254/16|*.169.254/16"/>
    <property name="java.class.version" value="67.0"/>
    <property name="CONSOLE_LOG_PATTERN" value="%d{yyyy-MM-dd HH:mm:ss} [%thread] %-5level %logger{36} - %msg%n"/>
    <property name="LOGGED_APPLICATION_NAME" value="[gt-bff] "/>
  </properties>
  <testcase name="getSearchFilters_ShouldReturnSuccess" classname="com.gt.bff.controller.GtBffControllerTest" time="0.067">
    <system-out><![CDATA[12:12:23.333 [main] INFO org.springframework.test.context.support.AnnotationConfigContextLoaderUtils -- Could not detect default configuration classes for test class [com.gt.bff.controller.GtBffControllerTest]: GtBffControllerTest does not declare any static, non-private, non-final, nested classes annotated with @Configuration.
12:12:23.419 [main] INFO org.springframework.boot.test.context.SpringBootTestContextBootstrapper -- Found @SpringBootConfiguration com.gt.bff.GtBffApplication for test class com.gt.bff.controller.GtBffControllerTest

  .   ____          _            __ _ _
 /\\ / ___'_ __ _ _(_)_ __  __ _ \ \ \ \
( ( )\___ | '_ | '_| | '_ \/ _` | \ \ \ \
 \\/  ___)| |_)| | | | | || (_| |  ) ) ) )
  '  |____| .__|_| |_|_| |_\__, | / / / /
 =========|_|==============|___/=/_/_/_/
&amp#27;[32m :: Spring Boot :: &amp#27;[39m              &amp#27;[2m (v3.2.0)&amp#27;[0;39m

2025-06-24 12:12:23 [main] INFO  c.g.b.controller.GtBffControllerTest - Starting GtBffControllerTest using Java 23.0.2 with PID 3012 (started by sreenathgurujala in /Users/sreenathgurujala/git/gt-bff)
2025-06-24 12:12:23 [main] DEBUG c.g.b.controller.GtBffControllerTest - Running with Spring Boot v3.2.0, Spring v6.1.1
2025-06-24 12:12:23 [main] INFO  c.g.b.controller.GtBffControllerTest - No active profile set, falling back to 1 default profile: "default"
2025-06-24 12:12:24 [main] INFO  c.gt.bff.controller.GtBffController - Initializing GtBffController with base path: /api/v1/gt
2025-06-24 12:12:24 [main] INFO  o.s.b.t.m.w.SpringBootMockServletContext - Initializing Spring TestDispatcherServlet ''
2025-06-24 12:12:24 [main] INFO  o.s.t.w.s.TestDispatcherServlet - Initializing Servlet ''
2025-06-24 12:12:24 [main] INFO  o.s.t.w.s.TestDispatcherServlet - Completed initialization in 0 ms
2025-06-24 12:12:24 [main] INFO  c.g.b.controller.GtBffControllerTest - Started GtBffControllerTest in 1.091 seconds (process running for 1.557)
2025-06-24 12:12:24 [main] INFO  com.gt.bff.util.ResponseHelper - Executing operation: getSearchFilters
2025-06-24 12:12:24 [main] DEBUG com.gt.bff.util.ResponseHelper - Successfully completed operation: getSearchFilters
]]></system-out>
    <system-err><![CDATA[WARNING: A Java agent has been loaded dynamically (/Users/sreenathgurujala/.m2/repository/net/bytebuddy/byte-buddy-agent/1.14.10/byte-buddy-agent-1.14.10.jar)
WARNING: If a serviceability tool is in use, please run with -XX:+EnableDynamicAgentLoading to hide this warning
WARNING: If a serviceability tool is not in use, please run with -Djdk.instrument.traceUsage for more information
WARNING: Dynamic loading of agents will be disallowed by default in a future release
]]></system-err>
  </testcase>
  <testcase name="planTripWithFlights_ShouldReturnSuccess" classname="com.gt.bff.controller.GtBffControllerTest" time="0.066">
    <system-out><![CDATA[2025-06-24 12:12:24 [main] INFO  com.gt.bff.util.ResponseHelper - Executing operation: planTripWithFlights with context: from: New York to: Los Angeles
2025-06-24 12:12:24 [main] DEBUG com.gt.bff.util.ResponseHelper - Successfully completed operation: planTripWithFlights with context: from: New York to: Los Angeles
]]></system-out>
  </testcase>
  <testcase name="getSampleWeather_ShouldReturnSuccess" classname="com.gt.bff.controller.GtBffControllerTest" time="0.006">
    <system-out><![CDATA[2025-06-24 12:12:24 [main] INFO  com.gt.bff.util.ResponseHelper - Executing operation: getSampleWeather with context: location: San Francisco, CA, date: null
2025-06-24 12:12:24 [main] DEBUG com.gt.bff.util.ResponseHelper - Successfully completed operation: getSampleWeather with context: location: San Francisco, CA, date: null
]]></system-out>
  </testcase>
  <testcase name="getWeatherForecast_WithInvalidRequest_ShouldReturnBadRequest" classname="com.gt.bff.controller.GtBffControllerTest" time="0.013"/>
  <testcase name="planTripWithFlights_WithInvalidRequest_ShouldReturnBadRequest" classname="com.gt.bff.controller.GtBffControllerTest" time="0.002"/>
  <testcase name="getWeatherForecast_ShouldReturnSuccess" classname="com.gt.bff.controller.GtBffControllerTest" time="0.004">
    <system-out><![CDATA[2025-06-24 12:12:24 [main] INFO  com.gt.bff.util.ResponseHelper - Executing operation: getWeatherForecast with context: destination: Tokyo
2025-06-24 12:12:24 [main] DEBUG com.gt.bff.util.ResponseHelper - Successfully completed operation: getWeatherForecast with context: destination: Tokyo
]]></system-out>
  </testcase>
</testsuite>